<?xml version="1.0" encoding="UTF-8"?>
<!-- Generated by org.testng.reporters.JUnitReportReporter -->
<testsuite skipped="0" hostname="DESKTOP-K01PIVP" name="StepDefinitions.GLogin" tests="1" failures="0" timestamp="2022-06-12T18:54:31 IST" time="33.157" errors="0">
  <testcase name="Glogin" time="33.157" classname="StepDefinitions.GLogin"/>
  <system-out/>
</testsuite> <!-- StepDefinitions.GLogin -->
