<?xml version="1.0" encoding="UTF-8"?>
<!-- Generated by org.testng.reporters.JUnitReportReporter -->
<testsuite hostname="DESKTOP-K01PIVP" failures="0" tests="1" name="stepDefinitions0910.GoiStaging0910" time="15.595" errors="0" timestamp="2022-10-11T19:37:37 IST" skipped="0">
  <testcase classname="stepDefinitions0910.GoiStaging0910" name="setup" time="15.595"/>
  <system-out/>
</testsuite> <!-- stepDefinitions0910.GoiStaging0910 -->
