<?xml version="1.0" encoding="UTF-8"?>
<!-- Generated by org.testng.reporters.JUnitReportReporter -->
<testsuite hostname="DESKTOP-K01PIVP" failures="0" tests="1" name="stepDefi2209.PomLogin2209" time="7.958" errors="0" timestamp="2022-09-27T23:40:49 IST" skipped="0">
  <testcase classname="stepDefi2209.PomLogin2209" name="usrCred2209" time="7.958"/>
  <system-out/>
</testsuite> <!-- stepDefi2209.PomLogin2209 -->
